<?xml version="1.0" encoding="UTF-8"?>
<!-- Generated by org.testng.reporters.JUnitReportReporter -->
<testsuite hostname="MINSK-NB-MAC1" name="shop.CartTest" tests="1" failures="0" timestamp="28 Jan 2018 14:18:26 GMT" time="0.003" errors="0">
  <testcase name="verifyThatGetPriceReturnsCorrectValueTest" time="0.003" classname="shop.CartTest"/>
</testsuite> <!-- shop.CartTest -->
