<?xml version="1.0" encoding="UTF-8"?>
<!-- Generated by org.testng.reporters.JUnitReportReporter -->
<testsuite hostname="MINSK-NB-MAC1" name="shop.VirtualItemTest" tests="1" failures="0" timestamp="28 Jan 2018 14:18:26 GMT" time="0.000" errors="0">
  <testcase name="verifyThatToStringReturnsCorrectResultTest" time="0.000" classname="shop.VirtualItemTest"/>
</testsuite> <!-- shop.VirtualItemTest -->
